F00:0001       ; elmerucr - 16/06/2020
F00:0002       ; compiles with vasmm68k_mot
F00:0003       
F00:0004       	INCLUDE "kernel_definitions.s"
F01:0001       ; E64 definitions - 2019-11-21 elmerucr
F01:0002       
F01:0003       KERNEL_LOC	equ	$FF0000
F01:0004       
F01:0005       VEC_04_ILLEGAL_INSTRUCTION		equ	$00000010
F01:0006       VEC_10_UNIMPL_INSTRUCTION		equ	$00000028
F01:0007       VEC_11_UNIMPL_INSTRUCTION		equ	$0000002C
F01:0008       VEC_26_LEVEL2_IRQ_AUTOVECT		equ	$00000068
F01:0009       VEC_27_LEVEL3_IRQ_AUTOVECT		equ	$0000006c
F01:0010       VEC_28_LEVEL4_IRQ_AUTOVECT		equ	$00000070
F01:0011       VEC_29_LEVEL5_IRQ_AUTOVECT		equ	$00000074
F01:0012       VEC_30_LEVEL6_IRQ_AUTOVECT		equ	$00000078
F01:0013       VEC_31_LEVEL7_IRQ_AUTOVECT		equ	$0000007C
F01:0014       
F01:0015       ; ascii definitions
F01:0016       ASCII_NULL		equ	$00
F01:0017       ASCII_LF		equ	$0A
F01:0018       ASCII_CURSOR_DOWN	equ	$11
F01:0019       ASCII_CURSOR_RIGHT	equ	$1D
F01:0020       ASCII_CURSOR_UP		equ	$91
F01:0021       ASCII_CURSOR_LEFT	equ	$9D
F01:0022       
F01:0023       ; scrn_codes
F01:0024       SCRN_SPACE		equ	$20
F01:0025       
F01:0026       ; char rom
F01:0027       CHAR_ROM		equ	$FD0000
F01:0028       CHAR_RAM		equ	$F10000
F01:0029       
F01:0030       ; cia
F01:0031       CIA_BASE		equ	$FE0300
F01:0032       CIA_STATUS		equ	CIA_BASE
F01:0033       CIA_CONTROL		equ	CIA_BASE+$01
F01:0034       CIA_DELAY		equ	CIA_BASE+$02
F01:0035       CIA_REPEAT		equ	CIA_BASE+$03
F01:0036       CIA_ASCII		equ	CIA_BASE+$04
F01:0037       CIA_KEYBOARD		equ	CIA_BASE+$80
F01:0038       
F01:0039       ; vicv
F01:0040       VICV_BASE		equ	$FE0400 	; vicv base register
F01:0041       VICV_BORDER_COLOR	equ	VICV_BASE	; 16 bit value
F01:0042       
F01:0043       VICV_TXT		equ	VICV_BASE+$04
F01:0044       VICV_COL		equ	VICV_BASE+$08
F01:0045       VICV_BORDER_SIZE	equ	VICV_BASE+$0C
F01:0046       VICV_ISR		equ	VICV_BASE+$0E
F01:0047       VICV_BUFFERSWAP		equ	VICV_BASE+$10
F01:0048       
F01:0049       ; timer
F01:0050       TIMER_BASE		equ	$FE0600
F01:0051       
F01:0052       ; blitter
F01:0053       BLITTER_BASE		equ	$FE0700
F01:0054       BLITTER_CONTROL		equ	BLITTER_BASE
F01:0055       BLITTER_DATA_32_BIT	equ	BLITTER_BASE+$02
F01:0056       BLITTER_CLEAR_COLOR	equ	BLITTER_BASE+$06	; 16 bit word
F01:0057       
F01:0058       ; color palette
F01:0059       C64_BLACK	equ	$F000
F01:0060       C64_WHITE	equ	$FFFF
F01:0061       C64_RED		equ	$F733
F01:0062       C64_CYAN	equ	$F8CC
F01:0063       C64_PURPLE	equ	$F849
F01:0064       C64_GREEN	equ	$F6A5
F01:0065       C64_BLUE	equ	$F339
F01:0066       C64_YELLOW	equ	$FEE8
F01:0067       C64_ORANGE	equ	$F853
F01:0068       C64_BROWN	equ	$F531
F01:0069       C64_LIGHTRED	equ	$FB77
F01:0070       C64_DARKGREY	equ	$F444
F01:0071       C64_GREY	equ	$F777
F01:0072       C64_LIGHTGREEN	equ	$FBFA
F01:0073       C64_LIGHTBLUE	equ	$F67D
F01:0074       C64_LIGHTGREY	equ	$FAAA
F01:0075       
F01:0076       ; SIDS
F01:0077       SOUND_BASE	equ	$FE0500			; base register
F01:0078       SID0_BASE	equ	SOUND_BASE
F01:0079       SID1_BASE	equ	SOUND_BASE+$20
F01:0080       ; sound index
F01:0081       SID0_LEFT	equ	$80
F01:0082       SID0_RGHT	equ	$81
F01:0083       SID1_LEFT	equ	$82
F01:0084       SID1_RGHT	equ	$83
F01:0085       
F01:0086       N_C0_	equ	00*2
F01:0087       N_C0S	equ	01*2
F01:0088       N_D0_	equ	02*2
F01:0089       N_D0S	equ	03*2
F01:0090       N_E0_	equ	04*2
F01:0091       N_F0_	equ	05*2
F01:0092       N_F0S	equ	06*2
F01:0093       N_G0_	equ	07*2
F01:0094       N_G0S	equ	08*2
F01:0095       N_A0_	equ	09*2
F01:0096       N_A0S	equ	10*2
F01:0097       N_B0_	equ	11*2
F01:0098       
F01:0099       N_C1_	equ	12*2
F01:0100       N_C1S	equ	13*2
F01:0101       N_D1_	equ	14*2
F01:0102       N_D1S	equ	15*2
F01:0103       N_E1_	equ	16*2
F01:0104       N_F1_	equ	17*2
F01:0105       N_F1S	equ	18*2
F01:0106       N_G1_	equ	19*2
F01:0107       N_G1S	equ	20*2
F01:0108       N_A1_	equ	21*2
F01:0109       N_A1S	equ	22*2
F01:0110       N_B1_	equ	23*2
F01:0111       
F01:0112       N_C2_	equ	24*2
F01:0113       N_C2S	equ	25*2
F01:0114       N_D2_	equ	26*2
F01:0115       N_D2S	equ	27*2
F01:0116       N_E2_	equ	28*2
F01:0117       N_F2_	equ	29*2
F01:0118       N_F2S	equ	30*2
F01:0119       N_G2_	equ	31*2
F01:0120       N_G2S	equ	32*2
F01:0121       N_A2_	equ	33*2
F01:0122       N_A2S	equ	34*2
F01:0123       N_B2_	equ	35*2
F01:0124       
F01:0125       N_C3_	equ	36*2
F01:0126       N_C3S	equ	37*2
F01:0127       N_D3_	equ	38*2
F01:0128       N_D3S	equ	39*2
F01:0129       N_E3_	equ	40*2
F01:0130       N_F3_	equ	41*2
F01:0131       N_F3S	equ	42*2
F01:0132       N_G3_	equ	43*2
F01:0133       N_G3S	equ	44*2
F01:0134       N_A3_	equ	45*2
F01:0135       N_A3S	equ	46*2
F01:0136       N_B3_	equ	47*2
F01:0137       
F01:0138       N_C4_	equ	48*2
F01:0139       N_C4S	equ	49*2
F01:0140       N_D4_	equ	50*2
F01:0141       N_D4S	equ	51*2
F01:0142       N_E4_	equ	52*2
F01:0143       N_F4_	equ	53*2
F01:0144       N_F4S	equ	54*2
F01:0145       N_G4_	equ	55*2
F01:0146       N_G4S	equ	56*2
F01:0147       N_A4_	equ	57*2
F01:0148       N_A4S	equ	58*2
F01:0149       N_B4_	equ	59*2
F01:0150       
F01:0151       N_C5_	equ	60*2
F01:0152       N_C5S	equ	61*2
F01:0153       N_D5_	equ	62*2
F01:0154       N_D5S	equ	63*2
F01:0155       N_E5_	equ	64*2
F01:0156       N_F5_	equ	65*2
F01:0157       N_F5S	equ	66*2
F01:0158       N_G5_	equ	67*2
F01:0159       N_G5S	equ	68*2
F01:0160       N_A5_	equ	69*2
F01:0161       N_A5S	equ	70*2
F01:0162       N_B5_	equ	71*2
F01:0163       
F01:0164       N_C6_	equ	72*2
F01:0165       N_C6S	equ	73*2
F01:0166       N_D6_	equ	74*2
F01:0167       N_D6S	equ	75*2
F01:0168       N_E6_	equ	76*2
F01:0169       N_F6_	equ	77*2
F01:0170       N_F6S	equ	78*2
F01:0171       N_G6_	equ	79*2
F01:0172       N_G6S	equ	80*2
F01:0173       N_A6_	equ	81*2
F01:0174       N_A6S	equ	82*2
F01:0175       N_B6_	equ	83*2
F01:0176       
F01:0177       N_C7_	equ	84*2
F01:0178       N_C7S	equ	85*2
F01:0179       N_D7_	equ	86*2
F01:0180       N_D7S	equ	87*2
F01:0181       N_E7_	equ	88*2
F01:0182       N_F7_	equ	89*2
F01:0183       N_F7S	equ	90*2
F01:0184       N_G7_	equ	91*2
F01:0185       N_G7S	equ	92*2
F01:0186       N_A7_	equ	93*2
F01:0187       N_A7S	equ	94*2
F01:0188       
F01:0189       
F01:0190       ; ram locations
F01:0191       
F01:0192       CURR_TEXT_COLOR	equ	$008000	; word
F01:0193       CURSOR_POS	equ	$008002	; word
F01:0194       
F01:0195       TIMER0_VECTOR	equ	$008004	; long
F01:0196       TIMER1_VECTOR	equ	$008008	; long
F01:0197       TIMER2_VECTOR	equ	$00800C	; long
F01:0198       TIMER3_VECTOR	equ	$008010	; long
F01:0199       
F01:0200       CURRENT_TXT_SCR	equ	$008014	; long
F01:0201       
F01:0202       KERNEL_TEXT_SCR	equ	$008020 ; 32 bytes (up to and incl $00805F), and 32 byte aligned
F01:0203       LOGO_BLIT	equ	$008040 ; 32 bytes (up to and incl $00807F), and 32 byte aligned
F01:0204       
F01:0205       ; screen editor variables
F01:0206       SE_CRS_BLINK	equ	$008060	; byte (actually least significant bit), 0=off, 1=currently blinking
F01:0207       SE_CRS_CNTDWN	equ	$008061	; byte, counter for blinking interval
F01:0208       SE_CRS_INTERVAL	equ	$008062	; byte, duration of blinking. e.g. @60Hz value 20 means 0.33s on, 0.33s off
F01:0209       SE_ORIG_CHAR	equ	$008063	; byte, original value of the char behind the cursor
F01:0210       SE_ORIG_COLOR	equ	$008084	; word, original value of the color value behind the cursor
F00:0005       
F00:0006       	ORG	KERNEL_LOC
F00:0007       
F00:0008       	DC.L	$00E00000		; vector 0 - supervisor stackpointer
               S01:00FF0000:  00 E0 00 00
F00:0009       	DC.L	kernel_main		; vector 1 - reset vector
               S01:00FF0004:  00 FF 00 08
F00:0010       
F00:0011       
F00:0012       ; start of main kernel code
F00:0013       
F00:0014       kernel_main
F00:0015       
F00:0016       	BSR	setup_vector_table
               S01:00FF0008:  61 00 03 80
F00:0017       	BSR	reset_sids
               S01:00FF000C:  61 00 03 DE
F00:0018       	BSR	copy_charrom_to_charram
               S01:00FF0010:  61 00 03 3C
F00:0019       
F00:0020       
F00:0021       	; set up timer0 interrupts (cursor flashing)
F00:0022       
F00:0023       	MOVE.W	#$E10,TIMER_BASE+2	; load value 3600 ($E10 = 3600bpm = 60Hz)
               S01:00FF0014:  33 FC 0E 10 00 FE 06 02
F00:0024       	ORI.B	#%00000001,TIMER_BASE+1	; turn on interrupt generation by clock0
               S01:00FF001C:  00 39 00 01 00 FE 06 01
F00:0025       
F00:0026       
F00:0027       	; set up timer1 interrupts (ting sound)
F00:0028       
F00:0029       	MOVE.W	#$3C,TIMER_BASE+2	; load value 60 ($3c = 60bpm = 1Hz)
               S01:00FF0024:  33 FC 00 3C 00 FE 06 02
F00:0030       	ORI.B	#%00000010,TIMER_BASE+1	; turn on interrupt generation by clock0
               S01:00FF002C:  00 39 00 02 00 FE 06 01
F00:0031       
F00:0032       
F00:0033       	; set up timer3 interrupts at 50.125Hz for music / sid tunes
F00:0034       
F00:0035       	;MOVE.W	#$BC0,TIMER_BASE+2		; 3008bpm (=50.125Hz)
F00:0036       	;ORI.B	#%00001000,TIMER_BASE+1	; turn on interrupt generation by clock3
F00:0037       
F00:0038       
F00:0039       	; set ipl to level 1 (all interrupts levels of >= 2 will be acknowledged)
F00:0040       
F00:0041       	MOVE.W	SR,D0
               S01:00FF0034:  40 C0
F00:0042       	ANDI.W	#%1111100011111111,D0
               S01:00FF0036:  02 40 F8 FF
F00:0043       	ORI.W	#%0000000100000000,D0
               S01:00FF003A:  00 40 01 00
F00:0044       	MOVE.W	D0,SR
               S01:00FF003E:  46 C0
F00:0045       
F00:0046       	; CIA start generating keyboard events
F00:0047       	MOVE.B	#%00000001,CIA_CONTROL
               S01:00FF0040:  13 FC 00 01 00 FE 03 01
F00:0048       
F00:0049       
F00:0050       	; set color and size of border
F00:0051       	MOVE.W	#C64_BLACK,VICV_BORDER_COLOR
               S01:00FF0048:  33 FC F0 00 00 FE 04 00
F00:0052       	MOVE.B	#$10,VICV_BORDER_SIZE
               S01:00FF0050:  13 FC 00 10 00 FE 04 0C
F00:0053       
F00:0054       	; set clear color ('background')
F00:0055       	MOVE.W	#C64_BLUE,BLITTER_CLEAR_COLOR
               S01:00FF0058:  33 FC F3 39 00 FE 07 06
F00:0056       
F00:0057       	; copy the screen blit struct from rom to appropriate ram area
F00:0058       	LEA	screen_blit_structure,a0
               S01:00FF0060:  41 FA 04 1E
F00:0059       	LEA	KERNEL_TEXT_SCR,a1
               S01:00FF0064:  43 F9 00 00 80 20
F00:0060       	MOVE.L	#$20,D0			; 32 bytes
               S01:00FF006A:  70 20
F00:0061       	JSR	memcopy
               S01:00FF006C:  61 00 02 CC
F00:0062       
F00:0063       	MOVE.L	#KERNEL_TEXT_SCR,CURRENT_TXT_SCR	; set current text screen
               S01:00FF0070:  23 FC 00 00 80 20 00 00 80 14
F00:0064       
F00:0065       
F00:0066       	; set txt pointer  -  deprecated!
F00:0067       	MOVE.L	#$00F00000,VICV_TXT
               S01:00FF007A:  23 FC 00 F0 00 00 00 FE 04 04
F00:0068       	MOVE.L	#$00F00800,VICV_COL
               S01:00FF0084:  23 FC 00 F0 08 00 00 FE 04 08
F00:0069       
F00:0070       	MOVE.W	#C64_LIGHTBLUE,CURR_TEXT_COLOR
               S01:00FF008E:  33 FC F6 7D 00 00 80 00
F00:0071       
F00:0072       
F00:0073       	; reset cursor position  -  deprecated
F00:0074       	MOVE.W	#$0,CURSOR_POS
               S01:00FF0096:  33 FC 00 00 00 00 80 02
F00:0075       
F00:0076       	MOVE.B	#$14,SE_CRS_INTERVAL	; blinking interval at 20 (0.33s)
               S01:00FF009E:  13 FC 00 14 00 00 80 62
F00:0077       
F00:0078       
F00:0079       	; clear screen and print welcome
F00:0080       
F00:0081       	BSR	clear_screen
               S01:00FF00A6:  61 00 00 82
F00:0082       	LEA	welcome,A0
               S01:00FF00AA:  41 FA 03 F4
F00:0083       	BSR	put_string
               S01:00FF00AE:  61 00 01 54
F00:0084       
F00:0085       
F00:0086       	; play a welcome sound on SID0
F00:0087       
F00:0088       	LEA	SID0_BASE,A0
               S01:00FF00B2:  41 F9 00 FE 05 00
F00:0089       	LEA	notes,A1
               S01:00FF00B8:  43 FA 04 A0
F00:0090       	MOVE.W	(N_D3_,A1),(A0)		; set frequency of voice 1
               S01:00FF00BC:  30 A9 00 4C
F00:0091       	MOVE.B	#%00001001,($5,A0)	; attack and decay of voice 1
               S01:00FF00C0:  11 7C 00 09 00 05
F00:0092       	MOVE.W	#$F0F,($02,A0)		; pulse width of voice 1
               S01:00FF00C6:  31 7C 0F 0F 00 02
F00:0093       	MOVE.B	#$FF,(SID0_LEFT,A0)	; left channel mix
               S01:00FF00CC:  11 7C 00 FF 00 80
F00:0094       	MOVE.B	#$10,(SID0_RGHT,A0)	; right channel mix
               S01:00FF00D2:  11 7C 00 10 00 81
F00:0095       	MOVE.B	#%01000001,($4,A0)	; pulse (bit 6) and open gate (bit 0)
               S01:00FF00D8:  11 7C 00 41 00 04
F00:0096       
F00:0097       
F00:0098       	; play a welcome sound on SID1
F00:0099       
F00:0100       	LEA	SID1_BASE,A0
               S01:00FF00DE:  41 F9 00 FE 05 20
F00:0101       	LEA	notes,A1
               S01:00FF00E4:  43 FA 04 74
F00:0102       	MOVE.W	(N_A3_,A1),(A0)		; set frequency of voice 1
               S01:00FF00E8:  30 A9 00 5A
F00:0103       	MOVE.B	#%00001001,($5,A0)	; attack and decay of voice 1
               S01:00FF00EC:  11 7C 00 09 00 05
F00:0104       	MOVE.W	#$F0F,($2,A0)		; pulse width of voice 1
               S01:00FF00F2:  31 7C 0F 0F 00 02
F00:0105       	MOVE.B	#$10,(SID1_LEFT,A0)	; left channel mix
               S01:00FF00F8:  11 7C 00 10 00 82
F00:0106       	MOVE.B	#$FF,(SID1_RGHT,A0)	; right channel mix
               S01:00FF00FE:  11 7C 00 FF 00 83
F00:0107       	MOVE.B	#%01000001,($4,A0)	; pulse (bit 6) and open gate (bit 0)
               S01:00FF0104:  11 7C 00 41 00 04
F00:0108       
F00:0109       
F00:0110       mainloop
F00:0111       
F00:0112       	; put something in the usp
F00:0113       	LEA	$C00000,A0
               S01:00FF010A:  41 F9 00 C0 00 00
F00:0114       	MOVE	A0,USP
               S01:00FF0110:  4E 60
F00:0115       
F00:0116       	JSR	se_activate_cursor
               S01:00FF0112:  61 00 02 F2
F00:0117       
F00:0118       ;	; copy keyboard state onto screen
F00:0119       ;.1	MOVEQ	#$0,D0
F00:0120       ;	MOVEA.L	VICV_TXT,A0
F00:0121       ;	LEA	$400(A0),A0
F00:0122       ;	LEA	CIA_KEYBOARD,A1
F00:0123       ;.2	MOVE.B	(A1,D0),(A0,D0)
F00:0124       ;	ADDQ	#$1,D0
F00:0125       ;	CMP.B	#$45,D0
F00:0126       ;	BNE	.2
F00:0127       
F00:0128       .1	MOVE.B	CIA_ASCII,D0		; scan for a keyboard event/ascii
               S01:00FF0116:  10 39 00 FE 03 04
F00:0129       	BEQ.S	.1			; if 0 (nothing), jump to .1
               S01:00FF011C:  67 F8
F00:0130       	JSR	se_deactivate_cursor
               S01:00FF011E:  61 00 03 22
F00:0131       	JSR	put_char		; process input
               S01:00FF0122:  61 30
F00:0132       	JSR	se_activate_cursor
               S01:00FF0124:  61 00 02 E0
F00:0133       
F00:0134       	BRA.S	.1
               S01:00FF0128:  60 EC
F00:0135       
F00:0136       
F00:0137       clear_screen
F00:0138       
F00:0139       	MOVEA.L	(VICV_TXT),A0
               S01:00FF012A:  20 79 00 FE 04 04
F00:0140       	MOVE.L	#$800,D0
               S01:00FF0130:  20 3C 00 00 08 00
F00:0141       	MOVE.B	#SCRN_SPACE,D1			; space screencode
               S01:00FF0136:  12 3C 00 20
F00:0142       	JSR	blockfill_bytes
               S01:00FF013A:  61 00 01 D4
F00:0143       
F00:0144       	MOVEA.L	(VICV_COL),A0
               S01:00FF013E:  20 79 00 FE 04 08
F00:0145       	MOVE.L	#$800,D0
               S01:00FF0144:  20 3C 00 00 08 00
F00:0146       	MOVE.W	#C64_LIGHTBLUE,D1
               S01:00FF014A:  32 3C F6 7D
F00:0147       	JSR	blockfill_words
               S01:00FF014E:  61 00 01 D2
F00:0148       
F00:0149       	RTS
               S01:00FF0152:  4E 75
F00:0150       
F00:0151       
F00:0152       ; put_char expects an ascii value in register D0
F00:0153       
F00:0154       put_char
F00:0155       
F00:0156       	MOVEM.L	D1-D2/A0-A2,-(SP)	; save registers
               S01:00FF0154:  48 E7 60 E0
F00:0157       	ANDI.W	#$00FF,D0		; clear bits 8-15 from D0
               S01:00FF0158:  02 40 00 FF
F00:0158       	MOVE.W	CURSOR_POS,D1		; load current cursor position into D1
               S01:00FF015C:  32 39 00 00 80 02
F00:0159       	MOVE.W	CURR_TEXT_COLOR,D2	; load current text colour into D2
               S01:00FF0162:  34 39 00 00 80 00
F00:0160       	MOVEA.L	VICV_TXT,A0		; load pointer to current text screen into A0
               S01:00FF0168:  20 79 00 FE 04 04
F00:0161       	MOVEA.L	VICV_COL,A1		; load pointer to current color screen into A1
               S01:00FF016E:  22 79 00 FE 04 08
F00:0162       	LEA	ascii_to_screencode,A2	; A2 now points to ascii-screencode table
               S01:00FF0174:  45 FA 03 54
F00:0163       	CMP.B	#ASCII_LF,D0		; do we have a line feed as the next ascii?
               S01:00FF0178:  B0 3C 00 0A
F00:0164       	BEQ	.1
               S01:00FF017C:  67 36
F00:0165       	CMP.B	#ASCII_CURSOR_DOWN,D0
               S01:00FF017E:  B0 3C 00 11
F00:0166       	BEQ	.2
               S01:00FF0182:  67 40
F00:0167       	CMP.B	#ASCII_CURSOR_RIGHT,D0
               S01:00FF0184:  B0 3C 00 1D
F00:0168       	BEQ	.3
               S01:00FF0188:  67 4A
F00:0169       	CMP.B	#ASCII_CURSOR_UP,D0
               S01:00FF018A:  B0 3C 00 91
F00:0170       	BEQ	.4
               S01:00FF018E:  67 52
F00:0171       	CMP.B	#ASCII_CURSOR_LEFT,D0
               S01:00FF0190:  B0 3C 00 9D
F00:0172       	BEQ	.5
               S01:00FF0194:  67 5C
F00:0173       	MOVE.B	(A2,D0),D0		; change the ascii value to a screencode value
               S01:00FF0196:  10 32 00 00
F00:0174       	MOVE.B	D0,(A0,D1)
               S01:00FF019A:  11 80 10 00
F00:0175       	LSL.W	#$1,D1			; multiply index by two (color values are words contrary to tiles)
               S01:00FF019E:  E3 49
F00:0176       	MOVE.W	D2,(A1,D1)
               S01:00FF01A0:  33 82 10 00
F00:0177       	ADDQ	#$1,CURSOR_POS
               S01:00FF01A4:  52 79 00 00 80 02
F00:0178       	ANDI.W	#$7FF,CURSOR_POS
               S01:00FF01AA:  02 79 07 FF 00 00 80 02
F00:0179       	BRA	.end
               S01:00FF01B2:  60 4A
F00:0180       .1	ADDI.W	#$40,D1			; line feed, add 64 positions to current cursor pos
               S01:00FF01B4:  06 41 00 40
F00:0181       	ANDI.W	#%0000011111000000,D1	; move cursor pos to beginning of line (and confine to screen)
               S01:00FF01B8:  02 41 07 C0
F00:0182       	MOVE.W	D1,CURSOR_POS		; store new value
               S01:00FF01BC:  33 C1 00 00 80 02
F00:0183       	BRA	.end
               S01:00FF01C2:  60 3A
F00:0184       .2	ADDI.W	#$40,D1			; cursor down, add 64 positions to current cursor pos
               S01:00FF01C4:  06 41 00 40
F00:0185       	ANDI.W	#$7FF,D1		; confine cursor to screen
               S01:00FF01C8:  02 41 07 FF
F00:0186       	MOVE.W	D1,CURSOR_POS		; store new value
               S01:00FF01CC:  33 C1 00 00 80 02
F00:0187       	BRA	.end
               S01:00FF01D2:  60 2A
F00:0188       .3	ADDI.W	#$1,D1			; cursor right
               S01:00FF01D4:  52 41
F00:0189       	ANDI.W	#$7FF,D1
               S01:00FF01D6:  02 41 07 FF
F00:0190       	MOVE.W	D1,CURSOR_POS
               S01:00FF01DA:  33 C1 00 00 80 02
F00:0191       	BRA	.end
               S01:00FF01E0:  60 1C
F00:0192       .4	SUBI.W	#$40,D1			; cursor up
               S01:00FF01E2:  04 41 00 40
F00:0193       	ANDI.W	#$7FF,D1
               S01:00FF01E6:  02 41 07 FF
F00:0194       	MOVE.W	D1,CURSOR_POS
               S01:00FF01EA:  33 C1 00 00 80 02
F00:0195       	BRA	.end
               S01:00FF01F0:  60 0C
F00:0196       .5	SUBI.W	#$1,D1			; cursor left
               S01:00FF01F2:  53 41
F00:0197       	ANDI.W	#$7FF,D1
               S01:00FF01F4:  02 41 07 FF
F00:0198       	MOVE.W	D1,CURSOR_POS
               S01:00FF01F8:  33 C1 00 00 80 02
F00:0199       .end	MOVEM.L	(SP)+,D1-D2/A0-A2	; restore registers
               S01:00FF01FE:  4C DF 07 06
F00:0200       	RTS
               S01:00FF0202:  4E 75
F00:0201       
F00:0202       
F00:0203       put_string
F00:0204       
F00:0205       	;
F00:0206       	; put_string expects a pointer to a string in A0
F00:0207       	;
F00:0208       
F00:0209       	MOVE.L	A0,-(SP)
               S01:00FF0204:  2F 08
F00:0210       .1	MOVE.B	(A0)+,D0	; move the first ascii value of string into D0
               S01:00FF0206:  10 18
F00:0211       	CMP.B	#ASCII_NULL,D0	; did we reach the end of the string?
               S01:00FF0208:  4A 00
F00:0212       	BEQ	.2		; yes, go to end of function
               S01:00FF020A:  67 06
F00:0213       	BSR	put_char	; no, put char
               S01:00FF020C:  61 00 FF 46
F00:0214       	BRA	.1
               S01:00FF0210:  60 F4
F00:0215       .2	MOVE.L	(SP)+,A0
               S01:00FF0212:  20 5F
F00:0216       	RTS
               S01:00FF0214:  4E 75
F00:0217       
F00:0218       
F00:0219       ; fake exception handler
F00:0220       
F00:0221       exception_handler
F00:0222       
F00:0223       	MOVE.L	D0,-(SP)
               S01:00FF0216:  2F 00
F00:0224       	MOVE.L	#$DEADBEEF,D0
               S01:00FF0218:  20 3C DE AD BE EF
F00:0225       	MOVE.L	(SP)+,D0
               S01:00FF021E:  20 1F
F00:0226       	RTE
               S01:00FF0220:  4E 73
F00:0227       
F00:0228       
F00:0229       ; level 2 interrupt autovector (vicv start of vblank)
F00:0230       
F00:0231       interrupt_2_autovector
F00:0232       
F00:0233       	MOVE.B	#%00000001,VICV_ISR				; acknowledge VBLANK interrupt
               S01:00FF0222:  13 FC 00 01 00 FE 04 0E
F00:0234       
F00:0235       	MOVE.B	#%00000001,VICV_BUFFERSWAP			; switch front- and backbuffer
               S01:00FF022A:  13 FC 00 01 00 FE 04 10
F00:0236       
F00:0237       	MOVE.B	#%00000001,BLITTER_CONTROL			; clear the backbuffer
               S01:00FF0232:  13 FC 00 01 00 FE 07 00
F00:0238       
F00:0239       	; add the blits (to be replaced by a kernel linked list)
F00:0240       	MOVE.L	#KERNEL_TEXT_SCR,BLITTER_DATA_32_BIT
               S01:00FF023A:  23 FC 00 00 80 20 00 FE 07 02
F00:0241       	MOVE.B	#%00000010,BLITTER_CONTROL
               S01:00FF0244:  13 FC 00 02 00 FE 07 00
F00:0242       
F00:0243       	RTE
               S01:00FF024C:  4E 73
F00:0244       
F00:0245       
F00:0246       ; level 4 interrupt autovector (timer)
F00:0247       
F00:0248       interrupt_4_autovector
F00:0249       
F00:0250       	MOVE.L	A0,-(SP)		; save a0
               S01:00FF024E:  2F 08
F00:0251       timer0_check
F00:0252       	BTST	#0,TIMER_BASE		; did timer 0 cause the interrupt?
               S01:00FF0250:  08 39 00 00 00 FE 06 00
F00:0253       	BEQ	timer1_check		; no, go to next timer
               S01:00FF0258:  67 10
F00:0254       	MOVE.B	#%00000001,TIMER_BASE	; yes, acknowledge interrupt
               S01:00FF025A:  13 FC 00 01 00 FE 06 00
F00:0255       	MOVEA.L	TIMER0_VECTOR,A0
               S01:00FF0262:  20 79 00 00 80 04
F00:0256       	JMP	(A0)
               S01:00FF0268:  4E D0
F00:0257       timer1_check
F00:0258       	BTST	#1,TIMER_BASE
               S01:00FF026A:  08 39 00 01 00 FE 06 00
F00:0259       	BEQ	timer2_check
               S01:00FF0272:  67 10
F00:0260       	MOVE.B	#%00000010,TIMER_BASE
               S01:00FF0274:  13 FC 00 02 00 FE 06 00
F00:0261       	MOVEA.L	TIMER1_VECTOR,A0
               S01:00FF027C:  20 79 00 00 80 08
F00:0262       	JMP	(A0)
               S01:00FF0282:  4E D0
F00:0263       timer2_check
F00:0264       	BTST	#2,TIMER_BASE		; did timer 2 cause the interrupt?
               S01:00FF0284:  08 39 00 02 00 FE 06 00
F00:0265       	BEQ	timer3_check		; no, go to next timer
               S01:00FF028C:  67 10
F00:0266       	MOVE.B	#%00000100,TIMER_BASE	; yes, acknowledge interrupt
               S01:00FF028E:  13 FC 00 04 00 FE 06 00
F00:0267       	MOVEA.L	TIMER2_VECTOR,A0
               S01:00FF0296:  20 79 00 00 80 0C
F00:0268       	JMP	(A0)
               S01:00FF029C:  4E D0
F00:0269       timer3_check
F00:0270       	BTST	#3,TIMER_BASE
               S01:00FF029E:  08 39 00 03 00 FE 06 00
F00:0271       	BEQ	timer_finish		; no, go to timer finish
               S01:00FF02A6:  67 10
F00:0272       	MOVE.B	#%00001000,TIMER_BASE	; yes, acknowledge
               S01:00FF02A8:  13 FC 00 08 00 FE 06 00
F00:0273       	MOVEA.L	TIMER3_VECTOR,A0
               S01:00FF02B0:  20 79 00 00 80 10
F00:0274       	JMP	(A0)
               S01:00FF02B6:  4E D0
F00:0275       timer_finish
F00:0276       	MOVE.L	(SP)+,A0		; restore a0
               S01:00FF02B8:  20 5F
F00:0277       	RTE
               S01:00FF02BA:  4E 73
F00:0278       
F00:0279       
F00:0280       ; level 5 interrupt autovector
F00:0281       
F00:0282       interrupt_5_autovector
F00:0283       
F00:0284       	MOVE.L	A0,-(SP)
               S01:00FF02BC:  2F 08
F00:0285       	MOVE.L	(SP)+,A0
               S01:00FF02BE:  20 5F
F00:0286       	RTE
               S01:00FF02C0:  4E 73
F00:0287       
F00:0288       
F00:0289       ; level 6 interrupt autovector
F00:0290       
F00:0291       interrupt_6_autovector
F00:0292       
F00:0293       	RTE
               S01:00FF02C2:  4E 73
F00:0294       
F00:0295       
F00:0296       ; level 7 interrupt autovector
F00:0297       
F00:0298       interrupt_7_autovector
F00:0299       
F00:0300       	RTE
               S01:00FF02C4:  4E 73
F00:0301       
F00:0302       
F00:0303       timer0_handler
F00:0304       
F00:0305       	; cursor flash etc...
F00:0306       	MOVEM.L	D0/A0,-(SP)
               S01:00FF02C6:  48 E7 80 80
F00:0307       	MOVEA.L	VICV_TXT,A0		; load pointer to current text screen into A0
               S01:00FF02CA:  20 79 00 FE 04 04
F00:0308       	MOVE.W	CURSOR_POS,D0
               S01:00FF02D0:  30 39 00 00 80 02
F00:0309       	SUBQ.B	#$1,SE_CRS_CNTDWN
               S01:00FF02D6:  53 39 00 00 80 61
F00:0310       	BNE	.1
               S01:00FF02DC:  66 10
F00:0311       	EORI.B	#%10000000,(A0,D0)
               S01:00FF02DE:  0A 30 00 80 00 00
F00:0312       	MOVE.B	SE_CRS_INTERVAL,SE_CRS_CNTDWN
               S01:00FF02E4:  13 F9 00 00 80 62 00 00 80 61
F00:0313       .1	MOVEM.L	(SP)+,D0/A0
               S01:00FF02EE:  4C DF 01 01
F00:0314       
F00:0315       	BRA	timer1_check
               S01:00FF02F2:  60 00 FF 76
F00:0316       
F00:0317       
F00:0318       timer1_handler
F00:0319       
F00:0320       	LEA	SID0_BASE,A0
               S01:00FF02F6:  41 F9 00 FE 05 00
F00:0321       	MOVE.B	#%00100000,$4(A0)
               S01:00FF02FC:  11 7C 00 20 00 04
F00:0322       	ORI.B	#%00100001,$4(A0)	; pulse (bit 6) and open gate (bit 0)
               S01:00FF0302:  00 28 00 21 00 04
F00:0323       
F00:0324       	BRA	timer2_check
               S01:00FF0308:  60 00 FF 7A
F00:0325       
F00:0326       
F00:0327       timer2_handler
F00:0328       
F00:0329       	;
F00:0330       	BRA	timer3_check
               S01:00FF030C:  60 90
F00:0331       
F00:0332       
F00:0333       timer3_handler
F00:0334       
F00:0335       	;
F00:0336       	BRA	timer_finish
               S01:00FF030E:  60 A8
F00:0337       
F00:0338       
F00:0339       blockfill_bytes
F00:0340       
F00:0341       	;
F00:0342       	;	Arguments
F00:0343       	;
F00:0344       	;	A0	start addres
F00:0345       	;	D0	number of bytes
F00:0346       	;	D1	byte value
F00:0347       	;
F00:0348       
F00:0349       	MOVE.L	D2,-(SP)	; save D0
               S01:00FF0310:  2F 02
F00:0350       
F00:0351       	MOVEQ	#$0,D2
               S01:00FF0312:  74 00
F00:0352       
F00:0353       .1	MOVE.B	D1,(A0,D2.L)
               S01:00FF0314:  11 81 28 00
F00:0354       	ADDQ	#$1,D2
               S01:00FF0318:  52 42
F00:0355       	CMP.L	D2,D0
               S01:00FF031A:  B0 82
F00:0356       	BNE	.1
               S01:00FF031C:  66 F6
F00:0357       
F00:0358       	MOVE.L	(SP)+,D2
               S01:00FF031E:  24 1F
F00:0359       	RTS
               S01:00FF0320:  4E 75
F00:0360       
F00:0361       blockfill_words
F00:0362       
F00:0363       	;
F00:0364       	;	Arguments
F00:0365       	;
F00:0366       	;	A0	start addres
F00:0367       	;	D0	number of words
F00:0368       	;	D1	word value
F00:0369       	;
F00:0370       
F00:0371       	MOVEM.L	D0/D2,-(SP)
               S01:00FF0322:  48 E7 A0 00
F00:0372       
F00:0373       	MOVEQ	#$0,D2
               S01:00FF0326:  74 00
F00:0374       	LSL.L	#$1,D0
               S01:00FF0328:  E3 88
F00:0375       
F00:0376       .1	MOVE.W	D1,(A0,D2.L)
               S01:00FF032A:  31 81 28 00
F00:0377       	ADDQ.L	#$2,D2
               S01:00FF032E:  54 82
F00:0378       	CMP.L	D2,D0
               S01:00FF0330:  B0 82
F00:0379       	BNE	.1
               S01:00FF0332:  66 F6
F00:0380       
F00:0381       	MOVEM.L	(SP)+,D0/D2
               S01:00FF0334:  4C DF 00 05
F00:0382       	RTS
               S01:00FF0338:  4E 75
F00:0383       
F00:0384       memcopy
F00:0385       
F00:0386       	;
F00:0387       	;	bytewise memory copy - probably slow?
F00:0388       	;
F00:0389       	;	Arguments
F00:0390       	;
F00:0391       	;	A0	source_start_address
F00:0392       	;	D0	no_of_bytes
F00:0393       	;	A1	destination_start_address
F00:0394       	;
F00:0395       
F00:0396       	MOVE.L	D1,-(SP)
               S01:00FF033A:  2F 01
F00:0397       	MOVEQ	#$0,D1
               S01:00FF033C:  72 00
F00:0398       .1	MOVE.B	(A0,D1.L),(A1,D1.L)
               S01:00FF033E:  13 B0 18 00 18 00
F00:0399       	ADDQ.L	#$1,D1
               S01:00FF0344:  52 81
F00:0400       	CMP.L	D1,D0
               S01:00FF0346:  B0 81
F00:0401       	BNE	.1
               S01:00FF0348:  66 F4
F00:0402       
F00:0403       	MOVE.L	(SP)+,D1
               S01:00FF034A:  22 1F
F00:0404       	RTS
               S01:00FF034C:  4E 75
F00:0405       
F00:0406       
F00:0407       copy_charrom_to_charram
F00:0408       
F00:0409       	; Copy char rom to ram (go from 2k to 32k)
F00:0410       	; Note: this is a very special copy routine
F00:0411       	; that expands a charset from 1 bit into 16 bit
F00:0412       	; format.
F00:0413       	;
F00:0414       	;	Register Usage
F00:0415       	;
F00:0416       	;	D0	current_byte, holds a byte from the original rom charset
F00:0417       	;	D1	i, counter from 7 to 0 (8 bits per byte have to be processed)
F00:0418       	;	A0	*char_ram, pointer
F00:0419       	;	A1	*char_rom, pointer
F00:0420       	;
F00:0421       	MOVEM.L	D0-D1/A0-A1,-(SP)
               S01:00FF034E:  48 E7 C0 C0
F00:0422       
F00:0423       	MOVEQ	#0,D0			;    current_byte = 0;
               S01:00FF0352:  70 00
F00:0424       	LEA	CHAR_RAM,A0		;    char_ram = CHAR_RAM;
               S01:00FF0354:  41 F9 00 F1 00 00
F00:0425       	LEA	CHAR_ROM,A1		;    char_rom = CHAR_ROM;
               S01:00FF035A:  43 F9 00 FD 00 00
F00:0426       
F00:0427       .1	CMPA.L	#CHAR_ROM+$800,A1	;    while(char_ram != CHAR_ROM+$800)
               S01:00FF0360:  B3 FC 00 FD 08 00
F00:0428       	BEQ	.5			;    {   //	branch to end of compound statement
               S01:00FF0366:  67 1C
F00:0429       					;        // load a byte from charset and incr pntr
F00:0430       	MOVE.B	(A1)+,D0		;        current_byte = char_rom++;
               S01:00FF0368:  10 19
F00:0431       	MOVEQ	#8,D1			;        i = 8;
               S01:00FF036A:  72 08
F00:0432       .2	BTST	#$7,D0
               S01:00FF036C:  08 00 00 07
F00:0433       	BEQ	.3			;    bit 7 not set
               S01:00FF0370:  67 06
F00:0434       	MOVE.W	#C64_GREY,(A0)+		;    bit 7 is set, so set color
               S01:00FF0372:  30 FC F7 77
F00:0435       	BRA	.4
               S01:00FF0376:  60 04
F00:0436       .3	MOVE.W	#$0000,(A0)+		;    bit 7 not set, make empty
               S01:00FF0378:  30 FC 00 00
F00:0437       .4	LSL.B	#$01,D0			;    move all the bits one place to the left
               S01:00FF037C:  E3 08
F00:0438       	SUBQ	#$01,D1			;    i = i - 1;
               S01:00FF037E:  53 41
F00:0439       	BEQ	.1			;    did i reach zero? goto .1
               S01:00FF0380:  67 DE
F00:0440       	BRA	.2
               S01:00FF0382:  60 E8
F00:0441       					;    }
F00:0442       .5	MOVEM.L	(SP)+,D0-D1/A0-A1
               S01:00FF0384:  4C DF 03 03
F00:0443       	RTS
               S01:00FF0388:  4E 75
F00:0444       
F00:0445       
F00:0446       setup_vector_table
F00:0447       
F00:0448       	LEA	exception_handler,A0
               S01:00FF038A:  41 FA FE 8A
F00:0449       	MOVE.L	A0,VEC_04_ILLEGAL_INSTRUCTION
               S01:00FF038E:  21 C8 00 10
F00:0450       	MOVE.L	A0,VEC_10_UNIMPL_INSTRUCTION
               S01:00FF0392:  21 C8 00 28
F00:0451       	MOVE.L	A0,VEC_11_UNIMPL_INSTRUCTION
               S01:00FF0396:  21 C8 00 2C
F00:0452       
F00:0453       	LEA	interrupt_2_autovector,A0
               S01:00FF039A:  41 FA FE 86
F00:0454       	MOVE.L	A0,VEC_26_LEVEL2_IRQ_AUTOVECT
               S01:00FF039E:  21 C8 00 68
F00:0455       
F00:0456       	LEA	interrupt_4_autovector,A0
               S01:00FF03A2:  41 FA FE AA
F00:0457       	MOVE.L	A0,VEC_28_LEVEL4_IRQ_AUTOVECT
               S01:00FF03A6:  21 C8 00 70
F00:0458       
F00:0459       	LEA	interrupt_5_autovector,A0
               S01:00FF03AA:  41 FA FF 10
F00:0460       	MOVE.L	A0,VEC_29_LEVEL5_IRQ_AUTOVECT
               S01:00FF03AE:  21 C8 00 74
F00:0461       
F00:0462       	LEA	interrupt_6_autovector,A0
               S01:00FF03B2:  41 FA FF 0E
F00:0463       	MOVE.L	A0,VEC_30_LEVEL6_IRQ_AUTOVECT
               S01:00FF03B6:  21 C8 00 78
F00:0464       
F00:0465       	LEA	interrupt_7_autovector,A0
               S01:00FF03BA:  41 FA FF 08
F00:0466       	MOVE.L	A0,VEC_31_LEVEL7_IRQ_AUTOVECT
               S01:00FF03BE:  21 C8 00 7C
F00:0467       
F00:0468       	LEA	timer0_handler,A0
               S01:00FF03C2:  41 FA FF 02
F00:0469       	MOVE.L	A0,TIMER0_VECTOR
               S01:00FF03C6:  23 C8 00 00 80 04
F00:0470       
F00:0471       	LEA	timer1_handler,A0
               S01:00FF03CC:  41 FA FF 28
F00:0472       	MOVE.L	A0,TIMER1_VECTOR
               S01:00FF03D0:  23 C8 00 00 80 08
F00:0473       
F00:0474       	LEA	timer2_handler,A0
               S01:00FF03D6:  41 FA FF 34
F00:0475       	MOVE.L	A0,TIMER2_VECTOR
               S01:00FF03DA:  23 C8 00 00 80 0C
F00:0476       
F00:0477       	LEA	timer3_handler,A0
               S01:00FF03E0:  41 FA FF 2C
F00:0478       	MOVE.L	A0,TIMER3_VECTOR
               S01:00FF03E4:  23 C8 00 00 80 10
F00:0479       
F00:0480       	RTS
               S01:00FF03EA:  4E 75
F00:0481       
F00:0482       reset_sids
F00:0483       	; very basic, needs work
F00:0484       	; max volume for both sids
F00:0485       	LEA	SID0_BASE,A0
               S01:00FF03EC:  41 F9 00 FE 05 00
F00:0486       	MOVE.B	#$0F,$18(A0)
               S01:00FF03F2:  11 7C 00 0F 00 18
F00:0487       	LEA	SID1_BASE,A0
               S01:00FF03F8:  41 F9 00 FE 05 20
F00:0488       	MOVE.B	#$0F,$18(A0)
               S01:00FF03FE:  11 7C 00 0F 00 18
F00:0489       	RTS
               S01:00FF0404:  4E 75
F00:0490       
F00:0491       
F00:0492       se_activate_cursor
F00:0493       	MOVEM.L	D0/A0-A1,-(SP)
               S01:00FF0406:  48 E7 80 C0
F00:0494       	MOVEA.L	VICV_TXT,A0		; load pointer to current text screen into A0
               S01:00FF040A:  20 79 00 FE 04 04
F00:0495       	MOVEA.L	VICV_COL,A1
               S01:00FF0410:  22 79 00 FE 04 08
F00:0496       	MOVE.W	CURSOR_POS,D0
               S01:00FF0416:  30 39 00 00 80 02
F00:0497       	MOVE.B	(A0,D0),SE_ORIG_CHAR
               S01:00FF041C:  13 F0 00 00 00 00 80 63
F00:0498       	EORI.B	#%10000000,(A0,D0)
               S01:00FF0424:  0A 30 00 80 00 00
F00:0499       	MOVE.B	#$1,SE_CRS_BLINK
               S01:00FF042A:  13 FC 00 01 00 00 80 60
F00:0500       	MOVE.B	SE_CRS_INTERVAL,SE_CRS_CNTDWN
               S01:00FF0432:  13 F9 00 00 80 62 00 00 80 61
F00:0501       	MOVEM.L	(SP)+,D0/A0-A1
               S01:00FF043C:  4C DF 03 01
F00:0502       	RTS
               S01:00FF0440:  4E 75
F00:0503       
F00:0504       se_deactivate_cursor
F00:0505       	MOVEM.L	D0/A0-A1,-(SP)
               S01:00FF0442:  48 E7 80 C0
F00:0506       	MOVEA.L	VICV_TXT,A0		; load pointer to current text screen into A0
               S01:00FF0446:  20 79 00 FE 04 04
F00:0507       	MOVEA.L	VICV_COL,A1
               S01:00FF044C:  22 79 00 FE 04 08
F00:0508       	MOVE.W	CURSOR_POS,D0
               S01:00FF0452:  30 39 00 00 80 02
F00:0509       	MOVE.B	SE_ORIG_CHAR,(A0,D0)
               S01:00FF0458:  11 B9 00 00 80 63 00 00
F00:0510       	MOVE.B	#$0,SE_CRS_BLINK
               S01:00FF0460:  13 FC 00 00 00 00 80 60
F00:0511       	MOVEM.L	(SP)+,D0/A0-A1
               S01:00FF0468:  4C DF 03 01
F00:0512       	RTS
               S01:00FF046C:  4E 75
F00:0513       
F00:0514       ; kernel text screen blit desciption (rom description, copied to kernel ram area, also 32 byte aligned)
F00:0515       
F00:0516       	ALIGN	5
F00:0517       screen_blit_structure
F00:0518       	DC.B	%00001000	; flags 0 - tile mode, simple color, color per tile
               S01:00FF0480:  08
F00:0519       	DC.B	%00000000	; flags 1 - no stretching, mirroring etc
               S01:00FF0481:  00
F00:0520       	DC.B	%01010110	; height 2^%101 = 32 chars = 256 pixels, width 2^%110 = 64 chars  = 512 pixels
               S01:00FF0482:  56
F00:0521       	DC.B	%00000000	; currently unused.... :-)
               S01:00FF0483:  00
F00:0522       	DC.W	$0		; x (0)
               S01:00FF0484:  00 00
F00:0523       	DC.W	$10		; y (16)
               S01:00FF0486:  00 10
F00:0524       	DC.W	$F0A0		; foreground color
               S01:00FF0488:  F0 A0
F00:0525       	DC.W	$F222		; background color
               S01:00FF048A:  F2 22
F00:0526       	DC.L	CHAR_RAM	; pixel_data
               S01:00FF048C:  00 F1 00 00
F00:0527       	DC.L	$F00000		; character_data
               S01:00FF0490:  00 F0 00 00
F00:0528       	DC.L	$F00800		; character_color_data
               S01:00FF0494:  00 F0 08 00
F00:0529       	DC.L	$FF0000		; background_color_data
               S01:00FF0498:  00 FF 00 00
F00:0530       	DC.L	$0		; user_data
               S01:00FF049C:  00 00 00 00
F00:0531       
F00:0532       
F00:0533       ; string data
F00:0534       
F00:0535       welcome
F00:0536       	DC.B	"E64-II (C)2019-2020 kernel 0.1.20200726",ASCII_LF,ASCII_NULL
               S01:00FF04A0:  45 36 34 2D 49 49 20 28 43 29 32 30 31 39 2D 32
               S01:00FF04B0:  30 32 30 20 6B 65 72 6E 65 6C 20 30 2E 31 2E 32
               S01:00FF04C0:  0A
               S01:00FF04C1:  00
F00:0537       
F00:0538       	ALIGN	1
F00:0539       
F00:0540       	INCLUDE	"kernel_tables.s"
F02:0001       ; rom tables
F02:0002       
F02:0003       ascii_to_screencode
F02:0004       	dc.b	$80		; 0x00 - NUL	non printable character
               S01:00FF04CA:  80
F02:0005       	dc.b	$80		; 0x01 - SOH	non printable character
               S01:00FF04CB:  80
F02:0006       	dc.b	$80		; 0x02 - STX	non printable character
               S01:00FF04CC:  80
F02:0007       	dc.b	$80		; 0x03 - ETX	non printable character
               S01:00FF04CD:  80
F02:0008       	dc.b	$80		; 0x04 - EOT	non printable character
               S01:00FF04CE:  80
F02:0009       	dc.b	$80		; 0x05 - ENQ	non printable character
               S01:00FF04CF:  80
F02:0010       	dc.b	$80		; 0x06 - ACK	non printable character
               S01:00FF04D0:  80
F02:0011       	dc.b	$80		; 0x07 - BEL	non printable character
               S01:00FF04D1:  80
F02:0012       	dc.b	$80		; 0x08 - BS	non printable character
               S01:00FF04D2:  80
F02:0013       	dc.b	$80		; 0x09 - TAB	non printable character
               S01:00FF04D3:  80
F02:0014       	dc.b	$80		; 0x0A - LF	non printable character
               S01:00FF04D4:  80
F02:0015       	dc.b	$80		; 0x0B - VT	non printable character
               S01:00FF04D5:  80
F02:0016       	dc.b	$80		; 0x0C - FF	non printable character
               S01:00FF04D6:  80
F02:0017       	dc.b	$80		; 0x0D - CR	non printable character
               S01:00FF04D7:  80
F02:0018       	dc.b	$80		; 0x0E - SO	non printable character
               S01:00FF04D8:  80
F02:0019       	dc.b	$80		; 0x0F - SI	non printable character
               S01:00FF04D9:  80
F02:0020       	dc.b	$80		; 0x10 - DLE	non printable character
               S01:00FF04DA:  80
F02:0021       	dc.b	$80		; 0x11 - DC1	non printable character
               S01:00FF04DB:  80
F02:0022       	dc.b	$80		; 0x12 - DC2	non printable character
               S01:00FF04DC:  80
F02:0023       	dc.b	$80		; 0x13 - DC3	non printable character
               S01:00FF04DD:  80
F02:0024       	dc.b	$80		; 0x14 - DC4	non printable character
               S01:00FF04DE:  80
F02:0025       	dc.b	$80		; 0x15 - NAC	non printable character
               S01:00FF04DF:  80
F02:0026       	dc.b	$80		; 0x16 - SYN	non printable character
               S01:00FF04E0:  80
F02:0027       	dc.b	$80		; 0x17 - ETB	non printable character
               S01:00FF04E1:  80
F02:0028       	dc.b	$80		; 0x18 - CAN	non printable character
               S01:00FF04E2:  80
F02:0029       	dc.b	$80		; 0x19 - EM	non printable character
               S01:00FF04E3:  80
F02:0030       	dc.b	$80		; 0x1A - SUB	non printable character
               S01:00FF04E4:  80
F02:0031       	dc.b	$80		; 0x1B - ESC	non printable character
               S01:00FF04E5:  80
F02:0032       	dc.b	$80		; 0x1C - FS	non printable character
               S01:00FF04E6:  80
F02:0033       	dc.b	$80		; 0x1D - GS	non printable character
               S01:00FF04E7:  80
F02:0034       	dc.b	$80		; 0x1E - RS	non printable character
               S01:00FF04E8:  80
F02:0035       	dc.b	$80		; 0x1F - US	non printable character
               S01:00FF04E9:  80
F02:0036       	dc.b	$20		; 0x20 - (space)
               S01:00FF04EA:  20
F02:0037       	dc.b	$21		; 0x21 - !
               S01:00FF04EB:  21
F02:0038       	dc.b	$22		; 0x22 - "
               S01:00FF04EC:  22
F02:0039       	dc.b	$23		; 0x23 - #
               S01:00FF04ED:  23
F02:0040       	dc.b	$24		; 0x24 - $
               S01:00FF04EE:  24
F02:0041       	dc.b	$25		; 0x25 - %
               S01:00FF04EF:  25
F02:0042       	dc.b	$26		; 0x26 - &
               S01:00FF04F0:  26
F02:0043       	dc.b	$27		; 0x27 - '
               S01:00FF04F1:  27
F02:0044       	dc.b	$28		; 0x28 - (
               S01:00FF04F2:  28
F02:0045       	dc.b	$29		; 0x29 - )
               S01:00FF04F3:  29
F02:0046       	dc.b	$2A		; 0x2A - *
               S01:00FF04F4:  2A
F02:0047       	dc.b	$2B		; 0x2B - +
               S01:00FF04F5:  2B
F02:0048       	dc.b	$2C		; 0x2C - ,
               S01:00FF04F6:  2C
F02:0049       	dc.b	$2D		; 0x2D - -
               S01:00FF04F7:  2D
F02:0050       	dc.b	$2E		; 0x2E - .
               S01:00FF04F8:  2E
F02:0051       	dc.b	$2F		; 0x2F - /
               S01:00FF04F9:  2F
F02:0052       	dc.b	$30		; 0x30 - 0
               S01:00FF04FA:  30
F02:0053       	dc.b	$31		; 0x31 - 1
               S01:00FF04FB:  31
F02:0054       	dc.b	$32		; 0x32 - 2
               S01:00FF04FC:  32
F02:0055       	dc.b	$33		; 0x33 - 3
               S01:00FF04FD:  33
F02:0056       	dc.b	$34		; 0x34 - 4
               S01:00FF04FE:  34
F02:0057       	dc.b	$35		; 0x35 - 5
               S01:00FF04FF:  35
F02:0058       	dc.b	$36		; 0x36 - 6
               S01:00FF0500:  36
F02:0059       	dc.b	$37		; 0x37 - 7
               S01:00FF0501:  37
F02:0060       	dc.b	$38		; 0x38 - 8
               S01:00FF0502:  38
F02:0061       	dc.b	$39		; 0x39 - 9
               S01:00FF0503:  39
F02:0062       	dc.b	$3A		; 0x3A - :
               S01:00FF0504:  3A
F02:0063       	dc.b	$3B		; 0x3B - ;
               S01:00FF0505:  3B
F02:0064       	dc.b	$3C		; 0x3C - <
               S01:00FF0506:  3C
F02:0065       	dc.b	$3D		; 0x3D - =
               S01:00FF0507:  3D
F02:0066       	dc.b	$3E		; 0x3E - >
               S01:00FF0508:  3E
F02:0067       	dc.b	$3F		; 0x3F - ?
               S01:00FF0509:  3F
F02:0068       	dc.b	$00		; 0x40 - @
               S01:00FF050A:  00
F02:0069       	dc.b	$41		; 0x41 - A
               S01:00FF050B:  41
F02:0070       	dc.b	$42		; 0x42 - B
               S01:00FF050C:  42
F02:0071       	dc.b	$43		; 0x43 - C
               S01:00FF050D:  43
F02:0072       	dc.b	$44		; 0x44 - D
               S01:00FF050E:  44
F02:0073       	dc.b	$45		; 0x45 - E
               S01:00FF050F:  45
F02:0074       	dc.b	$46		; 0x46 - F
               S01:00FF0510:  46
F02:0075       	dc.b	$47		; 0x47 - G
               S01:00FF0511:  47
F02:0076       	dc.b	$48		; 0x48 - H
               S01:00FF0512:  48
F02:0077       	dc.b	$49		; 0x49 - I
               S01:00FF0513:  49
F02:0078       	dc.b	$4A		; 0x4A - J
               S01:00FF0514:  4A
F02:0079       	dc.b	$4B		; 0x4B - K
               S01:00FF0515:  4B
F02:0080       	dc.b	$4C		; 0x4C - L
               S01:00FF0516:  4C
F02:0081       	dc.b	$4D		; 0x4D - M
               S01:00FF0517:  4D
F02:0082       	dc.b	$4E		; 0x4E - N
               S01:00FF0518:  4E
F02:0083       	dc.b	$4F		; 0x4F - O
               S01:00FF0519:  4F
F02:0084       	dc.b	$50		; 0x50 - P
               S01:00FF051A:  50
F02:0085       	dc.b	$51		; 0x51 - Q
               S01:00FF051B:  51
F02:0086       	dc.b	$52		; 0x52 - R
               S01:00FF051C:  52
F02:0087       	dc.b	$53		; 0x53 - S
               S01:00FF051D:  53
F02:0088       	dc.b	$54		; 0x54 - T
               S01:00FF051E:  54
F02:0089       	dc.b	$55		; 0x55 - U
               S01:00FF051F:  55
F02:0090       	dc.b	$56		; 0x56 - V
               S01:00FF0520:  56
F02:0091       	dc.b	$57		; 0x57 - W
               S01:00FF0521:  57
F02:0092       	dc.b	$58		; 0x58 - X
               S01:00FF0522:  58
F02:0093       	dc.b	$59		; 0x59 - Y
               S01:00FF0523:  59
F02:0094       	dc.b	$5A		; 0x5A - Z
               S01:00FF0524:  5A
F02:0095       	dc.b	$1B		; 0x5B - [
               S01:00FF0525:  1B
F02:0096       	dc.b	$5C		; 0x5C - \	patched
               S01:00FF0526:  5C
F02:0097       	dc.b	$1D		; 0x5D - ]
               S01:00FF0527:  1D
F02:0098       	dc.b	$5E		; 0x5E - ^	patched
               S01:00FF0528:  5E
F02:0099       	dc.b	$5F		; 0x5F - _	patched
               S01:00FF0529:  5F
F02:0100       	dc.b	$63		; 0x60 - `	patched
               S01:00FF052A:  63
F02:0101       	dc.b	$01		; 0x61 - a
               S01:00FF052B:  01
F02:0102       	dc.b	$02		; 0x62 - b
               S01:00FF052C:  02
F02:0103       	dc.b	$03		; 0x63 - c
               S01:00FF052D:  03
F02:0104       	dc.b	$04		; 0x64 - d
               S01:00FF052E:  04
F02:0105       	dc.b	$05		; 0x65 - e
               S01:00FF052F:  05
F02:0106       	dc.b	$06		; 0x66 - f
               S01:00FF0530:  06
F02:0107       	dc.b	$07		; 0x67 - g
               S01:00FF0531:  07
F02:0108       	dc.b	$08		; 0x68 - h
               S01:00FF0532:  08
F02:0109       	dc.b	$09		; 0x69 - i
               S01:00FF0533:  09
F02:0110       	dc.b	$0A		; 0x6A - j
               S01:00FF0534:  0A
F02:0111       	dc.b	$0B		; 0x6B - k
               S01:00FF0535:  0B
F02:0112       	dc.b	$0C		; 0x6C - l
               S01:00FF0536:  0C
F02:0113       	dc.b	$0D		; 0x6D - m
               S01:00FF0537:  0D
F02:0114       	dc.b	$0E		; 0x6E - n
               S01:00FF0538:  0E
F02:0115       	dc.b	$0F		; 0x6F - o
               S01:00FF0539:  0F
F02:0116       	dc.b	$10		; 0x70 - p
               S01:00FF053A:  10
F02:0117       	dc.b	$11		; 0x71 - q
               S01:00FF053B:  11
F02:0118       	dc.b	$12		; 0x72 - r
               S01:00FF053C:  12
F02:0119       	dc.b	$13		; 0x73 - s
               S01:00FF053D:  13
F02:0120       	dc.b	$14		; 0x74 - t
               S01:00FF053E:  14
F02:0121       	dc.b	$15		; 0x75 - u
               S01:00FF053F:  15
F02:0122       	dc.b	$16		; 0x76 - v
               S01:00FF0540:  16
F02:0123       	dc.b	$17		; 0x77 - w
               S01:00FF0541:  17
F02:0124       	dc.b	$18		; 0x78 - x
               S01:00FF0542:  18
F02:0125       	dc.b	$19		; 0x79 - y
               S01:00FF0543:  19
F02:0126       	dc.b	$1A		; 0x7A - z
               S01:00FF0544:  1A
F02:0127       	dc.b	$64		; 0x7B - {	patched
               S01:00FF0545:  64
F02:0128       	dc.b	$65		; 0x7C - |	patched
               S01:00FF0546:  65
F02:0129       	dc.b	$66		; 0x7D - }	patched
               S01:00FF0547:  66
F02:0130       	dc.b	$67		; 0x7E - ~	patched
               S01:00FF0548:  67
F02:0131       	dc.b	$80		; 0x7F - DEL	non printable character
               S01:00FF0549:  80
F02:0132       
F02:0133       hex_table
F02:0134       	dc.b	'0123456789abcdef'
               S01:00FF054A:  30 31 32 33 34 35 36 37 38 39 61 62 63 64 65 66
F02:0135       
F02:0136       ;	The following table is based on a SID clock frequency of 985248Hz (PAL)
F02:0137       ;	Calculations were made according to Codebase64 article
F02:0138       ;	https://codebase64.org/doku.php?id=base:how_to_calculate_your_own_sid_frequency_table
F02:0139       ;
F02:0140       notes
F02:0141       	dc.w	$0116,$0127,$0139,$014B,$015F,$0174,$018A,$01A1,$01BA,$01D4,$01F0,$020E	; N_C0_ to N_B0_
               S01:00FF055A:  01 16
               S01:00FF055C:  01 27
               S01:00FF055E:  01 39
               S01:00FF0560:  01 4B
               S01:00FF0562:  01 5F
               S01:00FF0564:  01 74
               S01:00FF0566:  01 8A
               S01:00FF0568:  01 A1
               S01:00FF056A:  01 BA
               S01:00FF056C:  01 D4
               S01:00FF056E:  01 F0
               S01:00FF0570:  02 0E
F02:0142       	dc.w	$022D,$024E,$0271,$0296,$02BE,$02E7,$0314,$0342,$0374,$03A9,$03E0,$041B	; N_C1_ to N_B1_
               S01:00FF0572:  02 2D
               S01:00FF0574:  02 4E
               S01:00FF0576:  02 71
               S01:00FF0578:  02 96
               S01:00FF057A:  02 BE
               S01:00FF057C:  02 E7
               S01:00FF057E:  03 14
               S01:00FF0580:  03 42
               S01:00FF0582:  03 74
               S01:00FF0584:  03 A9
               S01:00FF0586:  03 E0
               S01:00FF0588:  04 1B
F02:0143       	dc.w	$045A,$049C,$04E2,$052D,$057B,$05CF,$0627,$0685,$06E8,$0751,$07C1,$0837	; N_C2_ to N_B2_
               S01:00FF058A:  04 5A
               S01:00FF058C:  04 9C
               S01:00FF058E:  04 E2
               S01:00FF0590:  05 2D
               S01:00FF0592:  05 7B
               S01:00FF0594:  05 CF
               S01:00FF0596:  06 27
               S01:00FF0598:  06 85
               S01:00FF059A:  06 E8
               S01:00FF059C:  07 51
               S01:00FF059E:  07 C1
               S01:00FF05A0:  08 37
F02:0144       	dc.w	$08B4,$0938,$09C4,$0A59,$0AF7,$0B9D,$0C4E,$0D0A,$0DD0,$0EA2,$0F81,$106D	; N_C3_ to N_B3_
               S01:00FF05A2:  08 B4
               S01:00FF05A4:  09 38
               S01:00FF05A6:  09 C4
               S01:00FF05A8:  0A 59
               S01:00FF05AA:  0A F7
               S01:00FF05AC:  0B 9D
               S01:00FF05AE:  0C 4E
               S01:00FF05B0:  0D 0A
               S01:00FF05B2:  0D D0
               S01:00FF05B4:  0E A2
               S01:00FF05B6:  0F 81
               S01:00FF05B8:  10 6D
F02:0145       	dc.w	$1167,$1270,$1389,$14B2,$15ED,$173B,$189C,$1A13,$1BA0,$1D45,$1F02,$20DA	; N_C4_ to N_B4_
               S01:00FF05BA:  11 67
               S01:00FF05BC:  12 70
               S01:00FF05BE:  13 89
               S01:00FF05C0:  14 B2
               S01:00FF05C2:  15 ED
               S01:00FF05C4:  17 3B
               S01:00FF05C6:  18 9C
               S01:00FF05C8:  1A 13
               S01:00FF05CA:  1B A0
               S01:00FF05CC:  1D 45
               S01:00FF05CE:  1F 02
               S01:00FF05D0:  20 DA
F02:0146       	dc.w	$22CE,$24E0,$2711,$2964,$2BDA,$2E76,$3139,$3426,$3740,$3A89,$3E04,$41B4	; N_C5_ to N_B5_
               S01:00FF05D2:  22 CE
               S01:00FF05D4:  24 E0
               S01:00FF05D6:  27 11
               S01:00FF05D8:  29 64
               S01:00FF05DA:  2B DA
               S01:00FF05DC:  2E 76
               S01:00FF05DE:  31 39
               S01:00FF05E0:  34 26
               S01:00FF05E2:  37 40
               S01:00FF05E4:  3A 89
               S01:00FF05E6:  3E 04
               S01:00FF05E8:  41 B4
F02:0147       	dc.w	$459C,$49C0,$4E23,$52C8,$57B4,$5CEB,$6272,$684C,$6E80,$7512,$7C08,$8368	; N_C6_ to N_B6_
               S01:00FF05EA:  45 9C
               S01:00FF05EC:  49 C0
               S01:00FF05EE:  4E 23
               S01:00FF05F0:  52 C8
               S01:00FF05F2:  57 B4
               S01:00FF05F4:  5C EB
               S01:00FF05F6:  62 72
               S01:00FF05F8:  68 4C
               S01:00FF05FA:  6E 80
               S01:00FF05FC:  75 12
               S01:00FF05FE:  7C 08
               S01:00FF0600:  83 68
F02:0148       	dc.w	$8B39,$9380,$9C45,$A590,$AF68,$B9D6,$C4E3,$D099,$DD00,$EA24,$F810	; N_C7_	to N_A7S
               S01:00FF0602:  8B 39
               S01:00FF0604:  93 80
               S01:00FF0606:  9C 45
               S01:00FF0608:  A5 90
               S01:00FF060A:  AF 68
               S01:00FF060C:  B9 D6
               S01:00FF060E:  C4 E3
               S01:00FF0610:  D0 99
               S01:00FF0612:  DD 00
               S01:00FF0614:  EA 24
               S01:00FF0616:  F8 10
F02:0149       
F02:0150       ;notes_old
F02:0151       ;	dc.w	$0112,$0123,$0134,$0146,$015a,$016e,$0184,$018b,$01b3,$01cd,$01e9,$0206	; N_C0_ to N_B0_
F02:0152       ;	dc.w	$0225,$0245,$0268,$028c,$02b3,$02dc,$0308,$0336,$0367,$039b,$03d2,$040c	; N_C1_ to N_B1_
F02:0153       ;	dc.w	$0449,$048b,$04d0,$0519,$0567,$05b9,$0610,$066c,$06ce,$0735,$07a3,$0817	; N_C2_ to N_B2_
F02:0154       ;	dc.w	$0893,$0915,$099f,$0a32,$0acd,$0b72,$0c20,$0cd8,$0d9c,$0e6b,$0f46,$102f	; N_C3_ to N_B3_
F02:0155       ;	dc.w	$1125,$122a,$133f,$1464,$159a,$16e3,$183f,$1981,$1b38,$1cd6,$1e80,$205e	; N_C4_ to N_B4_
F02:0156       ;	dc.w	$224b,$2455,$267e,$28c8,$2b34,$2dc6,$307f,$3361,$366f,$39ac,$3d1a,$40bc	; N_C5_ to N_B5_
F02:0157       ;	dc.w	$4495,$48a9,$4cfc,$518f,$5669,$5b8c,$60fe,$6602,$6cdf,$7358,$7a34,$8178	; N_C6_ to N_B6_
F02:0158       ;	dc.w	$892b,$9153,$99f7,$a31f,$acd2,$b719,$c1fc,$cd85,$d9bd,$e6b0,$f467	; N_C7_	to N_A7S
F02:0159       
F02:0160       	align	1
F02:0161       test_table
F02:0162       	DC.B	$00,$01,$02,$03,$04,$05,$06,$07,$08,$09,$0A,$0B,$0C,$0D,$0E,$0F
               S01:00FF0618:  00
               S01:00FF0619:  01
               S01:00FF061A:  02
               S01:00FF061B:  03
               S01:00FF061C:  04
               S01:00FF061D:  05
               S01:00FF061E:  06
               S01:00FF061F:  07
               S01:00FF0620:  08
               S01:00FF0621:  09
               S01:00FF0622:  0A
               S01:00FF0623:  0B
               S01:00FF0624:  0C
               S01:00FF0625:  0D
               S01:00FF0626:  0E
               S01:00FF0627:  0F
F02:0163       	DC.B	$10,$11,$12,$13,$14,$15,$16,$17,$18,$19,$1A,$1B,$1C,$1D,$1E,$1F
               S01:00FF0628:  10
               S01:00FF0629:  11
               S01:00FF062A:  12
               S01:00FF062B:  13
               S01:00FF062C:  14
               S01:00FF062D:  15
               S01:00FF062E:  16
               S01:00FF062F:  17
               S01:00FF0630:  18
               S01:00FF0631:  19
               S01:00FF0632:  1A
               S01:00FF0633:  1B
               S01:00FF0634:  1C
               S01:00FF0635:  1D
               S01:00FF0636:  1E
               S01:00FF0637:  1F
F02:0164       	DC.B	$20,$21,$22,$23,$24,$25,$26,$27,$28,$29,$2A,$2B,$2C,$2D,$2E,$2F
               S01:00FF0638:  20
               S01:00FF0639:  21
               S01:00FF063A:  22
               S01:00FF063B:  23
               S01:00FF063C:  24
               S01:00FF063D:  25
               S01:00FF063E:  26
               S01:00FF063F:  27
               S01:00FF0640:  28
               S01:00FF0641:  29
               S01:00FF0642:  2A
               S01:00FF0643:  2B
               S01:00FF0644:  2C
               S01:00FF0645:  2D
               S01:00FF0646:  2E
               S01:00FF0647:  2F
F02:0165       	DC.B	$30,$31,$32,$33,$34,$35,$36,$37,$38,$39,$3A,$3B,$3C,$3D,$3E,$3F
               S01:00FF0648:  30
               S01:00FF0649:  31
               S01:00FF064A:  32
               S01:00FF064B:  33
               S01:00FF064C:  34
               S01:00FF064D:  35
               S01:00FF064E:  36
               S01:00FF064F:  37
               S01:00FF0650:  38
               S01:00FF0651:  39
               S01:00FF0652:  3A
               S01:00FF0653:  3B
               S01:00FF0654:  3C
               S01:00FF0655:  3D
               S01:00FF0656:  3E
               S01:00FF0657:  3F
F02:0166       	DC.B	$40,$41,$42,$43,$44,$45,$46,$47,$48,$49,$4A,$4B,$4C,$4D,$4E,$4F
               S01:00FF0658:  40
               S01:00FF0659:  41
               S01:00FF065A:  42
               S01:00FF065B:  43
               S01:00FF065C:  44
               S01:00FF065D:  45
               S01:00FF065E:  46
               S01:00FF065F:  47
               S01:00FF0660:  48
               S01:00FF0661:  49
               S01:00FF0662:  4A
               S01:00FF0663:  4B
               S01:00FF0664:  4C
               S01:00FF0665:  4D
               S01:00FF0666:  4E
               S01:00FF0667:  4F
F02:0167       	DC.B	$50,$51,$52,$53,$54,$55,$56,$57,$58,$59,$5A,$5B,$5C,$5D,$5E,$5F
               S01:00FF0668:  50
               S01:00FF0669:  51
               S01:00FF066A:  52
               S01:00FF066B:  53
               S01:00FF066C:  54
               S01:00FF066D:  55
               S01:00FF066E:  56
               S01:00FF066F:  57
               S01:00FF0670:  58
               S01:00FF0671:  59
               S01:00FF0672:  5A
               S01:00FF0673:  5B
               S01:00FF0674:  5C
               S01:00FF0675:  5D
               S01:00FF0676:  5E
               S01:00FF0677:  5F
F02:0168       	DC.B	$60,$61,$62,$63,$64,$65,$66,$67,$68,$69,$6A,$6B,$6C,$6D,$6E,$6F
               S01:00FF0678:  60
               S01:00FF0679:  61
               S01:00FF067A:  62
               S01:00FF067B:  63
               S01:00FF067C:  64
               S01:00FF067D:  65
               S01:00FF067E:  66
               S01:00FF067F:  67
               S01:00FF0680:  68
               S01:00FF0681:  69
               S01:00FF0682:  6A
               S01:00FF0683:  6B
               S01:00FF0684:  6C
               S01:00FF0685:  6D
               S01:00FF0686:  6E
               S01:00FF0687:  6F
F02:0169       	DC.B	$70,$71,$72,$73,$74,$75,$76,$77,$78,$79,$7A,$7B,$7C,$7D,$7E,$7F
               S01:00FF0688:  70
               S01:00FF0689:  71
               S01:00FF068A:  72
               S01:00FF068B:  73
               S01:00FF068C:  74
               S01:00FF068D:  75
               S01:00FF068E:  76
               S01:00FF068F:  77
               S01:00FF0690:  78
               S01:00FF0691:  79
               S01:00FF0692:  7A
               S01:00FF0693:  7B
               S01:00FF0694:  7C
               S01:00FF0695:  7D
               S01:00FF0696:  7E
               S01:00FF0697:  7F
F02:0170       	DC.B	$80,$81,$82,$83,$84,$85,$86,$87,$88,$89,$8A,$8B,$8C,$8D,$8E,$8F
               S01:00FF0698:  80
               S01:00FF0699:  81
               S01:00FF069A:  82
               S01:00FF069B:  83
               S01:00FF069C:  84
               S01:00FF069D:  85
               S01:00FF069E:  86
               S01:00FF069F:  87
               S01:00FF06A0:  88
               S01:00FF06A1:  89
               S01:00FF06A2:  8A
               S01:00FF06A3:  8B
               S01:00FF06A4:  8C
               S01:00FF06A5:  8D
               S01:00FF06A6:  8E
               S01:00FF06A7:  8F
F02:0171       	DC.B	$90,$91,$92,$93,$94,$95,$96,$97,$98,$99,$9A,$9B,$9C,$9D,$9E,$9F
               S01:00FF06A8:  90
               S01:00FF06A9:  91
               S01:00FF06AA:  92
               S01:00FF06AB:  93
               S01:00FF06AC:  94
               S01:00FF06AD:  95
               S01:00FF06AE:  96
               S01:00FF06AF:  97
               S01:00FF06B0:  98
               S01:00FF06B1:  99
               S01:00FF06B2:  9A
               S01:00FF06B3:  9B
               S01:00FF06B4:  9C
               S01:00FF06B5:  9D
               S01:00FF06B6:  9E
               S01:00FF06B7:  9F
F02:0172       	DC.B	$A0,$A1,$A2,$A3,$A4,$A5,$A6,$A7,$A8,$A9,$AA,$AB,$AC,$AD,$AE,$AF
               S01:00FF06B8:  A0
               S01:00FF06B9:  A1
               S01:00FF06BA:  A2
               S01:00FF06BB:  A3
               S01:00FF06BC:  A4
               S01:00FF06BD:  A5
               S01:00FF06BE:  A6
               S01:00FF06BF:  A7
               S01:00FF06C0:  A8
               S01:00FF06C1:  A9
               S01:00FF06C2:  AA
               S01:00FF06C3:  AB
               S01:00FF06C4:  AC
               S01:00FF06C5:  AD
               S01:00FF06C6:  AE
               S01:00FF06C7:  AF
F02:0173       	DC.B	$B0,$B1,$B2,$B3,$B4,$B5,$B6,$B7,$B8,$B9,$BA,$BB,$BC,$BD,$BE,$BF
               S01:00FF06C8:  B0
               S01:00FF06C9:  B1
               S01:00FF06CA:  B2
               S01:00FF06CB:  B3
               S01:00FF06CC:  B4
               S01:00FF06CD:  B5
               S01:00FF06CE:  B6
               S01:00FF06CF:  B7
               S01:00FF06D0:  B8
               S01:00FF06D1:  B9
               S01:00FF06D2:  BA
               S01:00FF06D3:  BB
               S01:00FF06D4:  BC
               S01:00FF06D5:  BD
               S01:00FF06D6:  BE
               S01:00FF06D7:  BF
F02:0174       	DC.B	$C0,$C1,$C2,$C3,$C4,$C5,$C6,$C7,$C8,$C9,$CA,$CB,$CC,$CD,$CE,$CF
               S01:00FF06D8:  C0
               S01:00FF06D9:  C1
               S01:00FF06DA:  C2
               S01:00FF06DB:  C3
               S01:00FF06DC:  C4
               S01:00FF06DD:  C5
               S01:00FF06DE:  C6
               S01:00FF06DF:  C7
               S01:00FF06E0:  C8
               S01:00FF06E1:  C9
               S01:00FF06E2:  CA
               S01:00FF06E3:  CB
               S01:00FF06E4:  CC
               S01:00FF06E5:  CD
               S01:00FF06E6:  CE
               S01:00FF06E7:  CF
F02:0175       	DC.B	$D0,$D1,$D2,$D3,$D4,$D5,$D6,$D7,$D8,$D9,$DA,$DB,$DC,$DD,$DE,$DF
               S01:00FF06E8:  D0
               S01:00FF06E9:  D1
               S01:00FF06EA:  D2
               S01:00FF06EB:  D3
               S01:00FF06EC:  D4
               S01:00FF06ED:  D5
               S01:00FF06EE:  D6
               S01:00FF06EF:  D7
               S01:00FF06F0:  D8
               S01:00FF06F1:  D9
               S01:00FF06F2:  DA
               S01:00FF06F3:  DB
               S01:00FF06F4:  DC
               S01:00FF06F5:  DD
               S01:00FF06F6:  DE
               S01:00FF06F7:  DF
F02:0176       	DC.B	$E0,$E1,$E2,$E3,$E4,$E5,$E6,$E7,$E8,$E9,$EA,$EB,$EC,$ED,$EE,$EF
               S01:00FF06F8:  E0
               S01:00FF06F9:  E1
               S01:00FF06FA:  E2
               S01:00FF06FB:  E3
               S01:00FF06FC:  E4
               S01:00FF06FD:  E5
               S01:00FF06FE:  E6
               S01:00FF06FF:  E7
               S01:00FF0700:  E8
               S01:00FF0701:  E9
               S01:00FF0702:  EA
               S01:00FF0703:  EB
               S01:00FF0704:  EC
               S01:00FF0705:  ED
               S01:00FF0706:  EE
               S01:00FF0707:  EF
F02:0177       	DC.B	$F0,$F1,$F2,$F3,$F4,$F5,$F6,$F7,$F8,$F9,$FA,$FB,$FC,$FD,$FE,$FF
               S01:00FF0708:  F0
               S01:00FF0709:  F1
               S01:00FF070A:  F2
               S01:00FF070B:  F3
               S01:00FF070C:  F4
               S01:00FF070D:  F5
               S01:00FF070E:  F6
               S01:00FF070F:  F7
               S01:00FF0710:  F8
               S01:00FF0711:  F9
               S01:00FF0712:  FA
               S01:00FF0713:  FB
               S01:00FF0714:  FC
               S01:00FF0715:  FD
               S01:00FF0716:  FE
               S01:00FF0717:  FF
F00:0541       
F00:0542       	ORG	KERNEL_LOC+$FFFC
F00:0543       	DC.L	$DEADBEEF
               S02:00FFFFFC:  DE AD BE EF


Sections:
S01  segff0000
S02  segfffffc


Sources:
F00  kernel.s
F01  kernel_definitions.s
F02  kernel_tables.s


Symbols:
test_table EXPR(16713240=0xff0618) UNUSED ABS 
hex_table EXPR(16713034=0xff054a) UNUSED ABS 
 copy_charrom_to_charram .4 EXPR(16712572=0xff037c) ABS 
 copy_charrom_to_charram .3 EXPR(16712568=0xff0378) ABS 
 copy_charrom_to_charram .2 EXPR(16712556=0xff036c) ABS 
 copy_charrom_to_charram .5 EXPR(16712580=0xff0384) ABS 
 copy_charrom_to_charram .1 EXPR(16712544=0xff0360) ABS 
 memcopy .1 EXPR(16712510=0xff033e) ABS 
 blockfill_words .1 EXPR(16712490=0xff032a) ABS 
 blockfill_bytes .1 EXPR(16712468=0xff0314) ABS 
timer3_handler EXPR(16712462=0xff030e) ABS 
timer2_handler EXPR(16712460=0xff030c) ABS 
timer1_handler EXPR(16712438=0xff02f6) ABS 
 timer0_handler .1 EXPR(16712430=0xff02ee) ABS 
timer0_handler EXPR(16712390=0xff02c6) ABS 
interrupt_7_autovector EXPR(16712388=0xff02c4) ABS 
interrupt_6_autovector EXPR(16712386=0xff02c2) ABS 
interrupt_5_autovector EXPR(16712380=0xff02bc) ABS 
timer_finish EXPR(16712376=0xff02b8) ABS 
timer3_check EXPR(16712350=0xff029e) ABS 
timer2_check EXPR(16712324=0xff0284) ABS 
timer1_check EXPR(16712298=0xff026a) ABS 
timer0_check EXPR(16712272=0xff0250) UNUSED ABS 
interrupt_4_autovector EXPR(16712270=0xff024e) ABS 
interrupt_2_autovector EXPR(16712226=0xff0222) ABS 
exception_handler EXPR(16712214=0xff0216) ABS 
 put_string .2 EXPR(16712210=0xff0212) ABS 
 put_string .1 EXPR(16712198=0xff0206) ABS 
 put_char .end EXPR(16712190=0xff01fe) ABS 
 put_char .5 EXPR(16712178=0xff01f2) ABS 
 put_char .4 EXPR(16712162=0xff01e2) ABS 
 put_char .3 EXPR(16712148=0xff01d4) ABS 
 put_char .2 EXPR(16712132=0xff01c4) ABS 
 put_char .1 EXPR(16712116=0xff01b4) ABS 
ascii_to_screencode EXPR(16712906=0xff04ca) ABS 
blockfill_words EXPR(16712482=0xff0322) ABS 
blockfill_bytes EXPR(16712464=0xff0310) ABS 
put_char EXPR(16712020=0xff0154) ABS 
se_deactivate_cursor EXPR(16712770=0xff0442) ABS 
 mainloop .1 EXPR(16711958=0xff0116) ABS 
se_activate_cursor EXPR(16712710=0xff0406) ABS 
mainloop EXPR(16711946=0xff010a) UNUSED ABS 
notes EXPR(16713050=0xff055a) ABS 
put_string EXPR(16712196=0xff0204) ABS 
welcome EXPR(16712864=0xff04a0) ABS 
clear_screen EXPR(16711978=0xff012a) ABS 
memcopy EXPR(16712506=0xff033a) ABS 
screen_blit_structure EXPR(16712832=0xff0480) ABS 
copy_charrom_to_charram EXPR(16712526=0xff034e) ABS 
reset_sids EXPR(16712684=0xff03ec) ABS 
setup_vector_table EXPR(16712586=0xff038a) ABS 
kernel_main EXPR(16711688=0xff0008) ABS 
SE_ORIG_COLOR EXPR(32900=0x8084) UNUSED EQU 
SE_ORIG_CHAR EXPR(32867=0x8063) EQU 
SE_CRS_INTERVAL EXPR(32866=0x8062) EQU 
SE_CRS_CNTDWN EXPR(32865=0x8061) EQU 
SE_CRS_BLINK EXPR(32864=0x8060) EQU 
LOGO_BLIT EXPR(32832=0x8040) UNUSED EQU 
KERNEL_TEXT_SCR EXPR(32800=0x8020) EQU 
CURRENT_TXT_SCR EXPR(32788=0x8014) EQU 
TIMER3_VECTOR EXPR(32784=0x8010) EQU 
TIMER2_VECTOR EXPR(32780=0x800c) EQU 
TIMER1_VECTOR EXPR(32776=0x8008) EQU 
TIMER0_VECTOR EXPR(32772=0x8004) EQU 
CURSOR_POS EXPR(32770=0x8002) EQU 
CURR_TEXT_COLOR EXPR(32768=0x8000) EQU 
N_A7S EXPR(188=0xbc) UNUSED EQU 
N_A7_ EXPR(186=0xba) UNUSED EQU 
N_G7S EXPR(184=0xb8) UNUSED EQU 
N_G7_ EXPR(182=0xb6) UNUSED EQU 
N_F7S EXPR(180=0xb4) UNUSED EQU 
N_F7_ EXPR(178=0xb2) UNUSED EQU 
N_E7_ EXPR(176=0xb0) UNUSED EQU 
N_D7S EXPR(174=0xae) UNUSED EQU 
N_D7_ EXPR(172=0xac) UNUSED EQU 
N_C7S EXPR(170=0xaa) UNUSED EQU 
N_C7_ EXPR(168=0xa8) UNUSED EQU 
N_B6_ EXPR(166=0xa6) UNUSED EQU 
N_A6S EXPR(164=0xa4) UNUSED EQU 
N_A6_ EXPR(162=0xa2) UNUSED EQU 
N_G6S EXPR(160=0xa0) UNUSED EQU 
N_G6_ EXPR(158=0x9e) UNUSED EQU 
N_F6S EXPR(156=0x9c) UNUSED EQU 
N_F6_ EXPR(154=0x9a) UNUSED EQU 
N_E6_ EXPR(152=0x98) UNUSED EQU 
N_D6S EXPR(150=0x96) UNUSED EQU 
N_D6_ EXPR(148=0x94) UNUSED EQU 
N_C6S EXPR(146=0x92) UNUSED EQU 
N_C6_ EXPR(144=0x90) UNUSED EQU 
N_B5_ EXPR(142=0x8e) UNUSED EQU 
N_A5S EXPR(140=0x8c) UNUSED EQU 
N_A5_ EXPR(138=0x8a) UNUSED EQU 
N_G5S EXPR(136=0x88) UNUSED EQU 
N_G5_ EXPR(134=0x86) UNUSED EQU 
N_F5S EXPR(132=0x84) UNUSED EQU 
N_F5_ EXPR(130=0x82) UNUSED EQU 
N_E5_ EXPR(128=0x80) UNUSED EQU 
N_D5S EXPR(126=0x7e) UNUSED EQU 
N_D5_ EXPR(124=0x7c) UNUSED EQU 
N_C5S EXPR(122=0x7a) UNUSED EQU 
N_C5_ EXPR(120=0x78) UNUSED EQU 
N_B4_ EXPR(118=0x76) UNUSED EQU 
N_A4S EXPR(116=0x74) UNUSED EQU 
N_A4_ EXPR(114=0x72) UNUSED EQU 
N_G4S EXPR(112=0x70) UNUSED EQU 
N_G4_ EXPR(110=0x6e) UNUSED EQU 
N_F4S EXPR(108=0x6c) UNUSED EQU 
N_F4_ EXPR(106=0x6a) UNUSED EQU 
N_E4_ EXPR(104=0x68) UNUSED EQU 
N_D4S EXPR(102=0x66) UNUSED EQU 
N_D4_ EXPR(100=0x64) UNUSED EQU 
N_C4S EXPR(98=0x62) UNUSED EQU 
N_C4_ EXPR(96=0x60) UNUSED EQU 
N_B3_ EXPR(94=0x5e) UNUSED EQU 
N_A3S EXPR(92=0x5c) UNUSED EQU 
N_A3_ EXPR(90=0x5a) EQU 
N_G3S EXPR(88=0x58) UNUSED EQU 
N_G3_ EXPR(86=0x56) UNUSED EQU 
N_F3S EXPR(84=0x54) UNUSED EQU 
N_F3_ EXPR(82=0x52) UNUSED EQU 
N_E3_ EXPR(80=0x50) UNUSED EQU 
N_D3S EXPR(78=0x4e) UNUSED EQU 
N_D3_ EXPR(76=0x4c) EQU 
N_C3S EXPR(74=0x4a) UNUSED EQU 
N_C3_ EXPR(72=0x48) UNUSED EQU 
N_B2_ EXPR(70=0x46) UNUSED EQU 
N_A2S EXPR(68=0x44) UNUSED EQU 
N_A2_ EXPR(66=0x42) UNUSED EQU 
N_G2S EXPR(64=0x40) UNUSED EQU 
N_G2_ EXPR(62=0x3e) UNUSED EQU 
N_F2S EXPR(60=0x3c) UNUSED EQU 
N_F2_ EXPR(58=0x3a) UNUSED EQU 
N_E2_ EXPR(56=0x38) UNUSED EQU 
N_D2S EXPR(54=0x36) UNUSED EQU 
N_D2_ EXPR(52=0x34) UNUSED EQU 
N_C2S EXPR(50=0x32) UNUSED EQU 
N_C2_ EXPR(48=0x30) UNUSED EQU 
N_B1_ EXPR(46=0x2e) UNUSED EQU 
N_A1S EXPR(44=0x2c) UNUSED EQU 
N_A1_ EXPR(42=0x2a) UNUSED EQU 
N_G1S EXPR(40=0x28) UNUSED EQU 
N_G1_ EXPR(38=0x26) UNUSED EQU 
N_F1S EXPR(36=0x24) UNUSED EQU 
N_F1_ EXPR(34=0x22) UNUSED EQU 
N_E1_ EXPR(32=0x20) UNUSED EQU 
N_D1S EXPR(30=0x1e) UNUSED EQU 
N_D1_ EXPR(28=0x1c) UNUSED EQU 
N_C1S EXPR(26=0x1a) UNUSED EQU 
N_C1_ EXPR(24=0x18) UNUSED EQU 
N_B0_ EXPR(22=0x16) UNUSED EQU 
N_A0S EXPR(20=0x14) UNUSED EQU 
N_A0_ EXPR(18=0x12) UNUSED EQU 
N_G0S EXPR(16=0x10) UNUSED EQU 
N_G0_ EXPR(14=0xe) UNUSED EQU 
N_F0S EXPR(12=0xc) UNUSED EQU 
N_F0_ EXPR(10=0xa) UNUSED EQU 
N_E0_ EXPR(8=0x8) UNUSED EQU 
N_D0S EXPR(6=0x6) UNUSED EQU 
N_D0_ EXPR(4=0x4) UNUSED EQU 
N_C0S EXPR(2=0x2) UNUSED EQU 
N_C0_ EXPR(0=0x0) UNUSED EQU 
SID1_RGHT EXPR(131=0x83) EQU 
SID1_LEFT EXPR(130=0x82) EQU 
SID0_RGHT EXPR(129=0x81) EQU 
SID0_LEFT EXPR(128=0x80) EQU 
SID1_BASE EXPR(16647456=0xfe0520) EQU 
SID0_BASE EXPR(16647424=0xfe0500) EQU 
SOUND_BASE EXPR(16647424=0xfe0500) EQU 
C64_LIGHTGREY EXPR(64170=0xfaaa) UNUSED EQU 
C64_LIGHTBLUE EXPR(63101=0xf67d) EQU 
C64_LIGHTGREEN EXPR(64506=0xfbfa) UNUSED EQU 
C64_GREY EXPR(63351=0xf777) EQU 
C64_DARKGREY EXPR(62532=0xf444) UNUSED EQU 
C64_LIGHTRED EXPR(64375=0xfb77) UNUSED EQU 
C64_BROWN EXPR(62769=0xf531) UNUSED EQU 
C64_ORANGE EXPR(63571=0xf853) UNUSED EQU 
C64_YELLOW EXPR(65256=0xfee8) UNUSED EQU 
C64_BLUE EXPR(62265=0xf339) EQU 
C64_GREEN EXPR(63141=0xf6a5) UNUSED EQU 
C64_PURPLE EXPR(63561=0xf849) UNUSED EQU 
C64_CYAN EXPR(63692=0xf8cc) UNUSED EQU 
C64_RED EXPR(63283=0xf733) UNUSED EQU 
C64_WHITE EXPR(65535=0xffff) UNUSED EQU 
C64_BLACK EXPR(61440=0xf000) EQU 
BLITTER_CLEAR_COLOR EXPR(16647942=0xfe0706) EQU 
BLITTER_DATA_32_BIT EXPR(16647938=0xfe0702) EQU 
BLITTER_CONTROL EXPR(16647936=0xfe0700) EQU 
BLITTER_BASE EXPR(16647936=0xfe0700) EQU 
TIMER_BASE EXPR(16647680=0xfe0600) EQU 
VICV_BUFFERSWAP EXPR(16647184=0xfe0410) EQU 
VICV_ISR EXPR(16647182=0xfe040e) EQU 
VICV_BORDER_SIZE EXPR(16647180=0xfe040c) EQU 
VICV_COL EXPR(16647176=0xfe0408) EQU 
VICV_TXT EXPR(16647172=0xfe0404) EQU 
VICV_BORDER_COLOR EXPR(16647168=0xfe0400) EQU 
VICV_BASE EXPR(16647168=0xfe0400) EQU 
CIA_KEYBOARD EXPR(16647040=0xfe0380) UNUSED EQU 
CIA_ASCII EXPR(16646916=0xfe0304) EQU 
CIA_REPEAT EXPR(16646915=0xfe0303) UNUSED EQU 
CIA_DELAY EXPR(16646914=0xfe0302) UNUSED EQU 
CIA_CONTROL EXPR(16646913=0xfe0301) EQU 
CIA_STATUS EXPR(16646912=0xfe0300) UNUSED EQU 
CIA_BASE EXPR(16646912=0xfe0300) EQU 
CHAR_RAM EXPR(15794176=0xf10000) EQU 
CHAR_ROM EXPR(16580608=0xfd0000) EQU 
SCRN_SPACE EXPR(32=0x20) EQU 
ASCII_CURSOR_LEFT EXPR(157=0x9d) EQU 
ASCII_CURSOR_UP EXPR(145=0x91) EQU 
ASCII_CURSOR_RIGHT EXPR(29=0x1d) EQU 
ASCII_CURSOR_DOWN EXPR(17=0x11) EQU 
ASCII_LF EXPR(10=0xa) EQU 
ASCII_NULL EXPR(0=0x0) EQU 
VEC_31_LEVEL7_IRQ_AUTOVECT EXPR(124=0x7c) EQU 
VEC_30_LEVEL6_IRQ_AUTOVECT EXPR(120=0x78) EQU 
VEC_29_LEVEL5_IRQ_AUTOVECT EXPR(116=0x74) EQU 
VEC_28_LEVEL4_IRQ_AUTOVECT EXPR(112=0x70) EQU 
VEC_27_LEVEL3_IRQ_AUTOVECT EXPR(108=0x6c) UNUSED EQU 
VEC_26_LEVEL2_IRQ_AUTOVECT EXPR(104=0x68) EQU 
VEC_11_UNIMPL_INSTRUCTION EXPR(44=0x2c) EQU 
VEC_10_UNIMPL_INSTRUCTION EXPR(40=0x28) EQU 
VEC_04_ILLEGAL_INSTRUCTION EXPR(16=0x10) EQU 
KERNEL_LOC EXPR(16711680=0xff0000) EQU 
_MOVEMBYTES EXPR(12=0xc) INTERNAL 
 MOVEMSIZE EXPR(4=0x4) INTERNAL 
_MOVEMREGS EXPR(769=0x301) INTERNAL 
__LINE__ EXPR(543=0x21f) INTERNAL 
__FO EXPR(0=0x0) INTERNAL 
__RS EXPR(0=0x0) INTERNAL 
REPTN EXPR(-1=0xffffffff) INTERNAL 
__VASM EXPR(1=0x1) INTERNAL 

There have been no errors.
